
22-1-31, 3:24:16 PM - ERROR: Download of "https://www.f5.com/content/f5-com/en_us", referred from "/Users/mordasiewicz/GIT/f5-agility-labs-template/docs/_static/sites/www.f5.com/products/get-f5.html", failed with error code 404 (not found)
22-1-31, 3:24:16 PM - ERROR: Download of "https://www.f5.com/content/f5-com/en_us", referred from "/Users/mordasiewicz/GIT/f5-agility-labs-template/docs/_static/sites/www.f5.com/products/security/shape-security.html", failed with error code 404 (not found)
22-1-31, 3:24:16 PM - ERROR: Download of "https://www.f5.com/content/f5-com/en_us", referred from "/Users/mordasiewicz/GIT/f5-agility-labs-template/docs/_static/sites/www.f5.com/services/support.html", failed with error code 404 (not found)
22-1-31, 3:24:16 PM - ERROR: Download of "https://www.f5.com/content/f5-com/en_us", referred from "/Users/mordasiewicz/GIT/f5-agility-labs-template/docs/_static/sites/www.f5.com/company/diversity-inclusion.html", failed with error code 404 (not found)
22-1-31, 3:24:16 PM - ERROR: Download of "https://www.f5.com/content/f5-com/en_us", referred from "/Users/mordasiewicz/GIT/f5-agility-labs-template/docs/_static/sites/www.f5.com/community.html", failed with error code 404 (not found)
22-1-31, 3:24:16 PM - ERROR: Download of "https://www.f5.com/content/f5-com/en_us", referred from "/Users/mordasiewicz/GIT/f5-agility-labs-template/docs/_static/sites/www.f5.com/services/training/free-training-courses.html", failed with error code 404 (not found)
22-1-31, 3:24:16 PM - ERROR: Download of "https://www.f5.com/content/f5-com/en_us", referred from "/Users/mordasiewicz/GIT/f5-agility-labs-template/docs/_static/sites/www.f5.com/solutions/devops-deployment.html", failed with error code 404 (not found)
22-1-31, 3:24:16 PM - ERROR: Download of "https://www.f5.com/content/f5-com/en_us", referred from "/Users/mordasiewicz/GIT/f5-agility-labs-template/docs/_static/sites/www.f5.com/partners/technology-alliances/google-cloud-platform.html", failed with error code 404 (not found)
22-1-31, 3:24:16 PM - ERROR: Download of "https://www.f5.com/content/f5-com/en_us", referred from "/Users/mordasiewicz/GIT/f5-agility-labs-template/docs/_static/sites/www.f5.com/products/big-ip-services/viprion-chassis.html", failed with error code 404 (not found)
22-1-31, 3:24:16 PM - ERROR: Download of "https://www.f5.com/content/f5-com/en_us", referred from "/Users/mordasiewicz/GIT/f5-agility-labs-template/docs/_static/sites/www.f5.com/partners/technology-alliances/amazon-web-services.html", failed with error code 404 (not found)
22-1-31, 3:24:16 PM - ERROR: Download of "https://www.f5.com/content/f5-com/en_us", referred from "/Users/mordasiewicz/GIT/f5-agility-labs-template/docs/_static/sites/www.f5.com/products/security/ssl-orchestrator.html", failed with error code 404 (not found)
22-1-31, 3:24:16 PM - ERROR: Download of "https://www.f5.com/content/f5-com/en_us", referred from "/Users/mordasiewicz/GIT/f5-agility-labs-template/docs/_static/sites/www.f5.com/services/resources/infographics.html", failed with error code 404 (not found)
22-1-31, 3:24:16 PM - ERROR: Download of "https://www.f5.com/content/f5-com/en_us", referred from "/Users/mordasiewicz/GIT/f5-agility-labs-template/docs/_static/sites/www.f5.com/products/service-proxy-for-kubernetes.html", failed with error code 404 (not found)
22-1-31, 3:24:16 PM - ERROR: Download of "https://www.f5.com/content/f5-com/en_us", referred from "/Users/mordasiewicz/GIT/f5-agility-labs-template/docs/_static/sites/www.f5.com/partners/technology-alliances.html", failed with error code 404 (not found)
22-1-31, 3:24:16 PM - ERROR: Download of "https://www.f5.com/content/f5-com/en_us", referred from "/Users/mordasiewicz/GIT/f5-agility-labs-template/docs/_static/sites/www.f5.com/services/resources/reference-architectures.html", failed with error code 404 (not found)
22-1-31, 3:24:16 PM - ERROR: Download of "https://www.f5.com/content/f5-com/en_us", referred from "/Users/mordasiewicz/GIT/f5-agility-labs-template/docs/_static/sites/www.f5.com/company/leadership.html", failed with error code 404 (not found)
22-1-31, 3:24:16 PM - ERROR: Download of "https://www.f5.com/content/f5-com/en_us", referred from "/Users/mordasiewicz/GIT/f5-agility-labs-template/docs/_static/sites/www.f5.com/solutions/public-sector.html", failed with error code 404 (not found)
22-1-31, 3:24:16 PM - ERROR: Download of "https://www.f5.com/content/f5-com/en_us", referred from "/Users/mordasiewicz/GIT/f5-agility-labs-template/docs/_static/sites/www.f5.com/products/get-f5/enterprise-license-agreements.html", failed with error code 404 (not found)
22-1-31, 3:24:16 PM - ERROR: Download of "https://www.f5.com/content/f5-com/en_us", referred from "/Users/mordasiewicz/GIT/f5-agility-labs-template/docs/_static/sites/www.f5.com/services/resources/glossary.html", failed with error code 404 (not found)
22-1-31, 3:24:16 PM - ERROR: Download of "https://www.f5.com/content/f5-com/en_us", referred from "/Users/mordasiewicz/GIT/f5-agility-labs-template/docs/_static/sites/www.f5.com/solutions.html", failed with error code 404 (not found)
22-1-31, 3:24:16 PM - ERROR: Download of "https://www.f5.com/content/f5-com/en_us", referred from "/Users/mordasiewicz/GIT/f5-agility-labs-template/docs/_static/sites/www.f5.com/company/events.html", failed with error code 404 (not found)
22-1-31, 3:24:16 PM - ERROR: Download of "https://www.f5.com/content/f5-com/en_us", referred from "/Users/mordasiewicz/GIT/f5-agility-labs-template/docs/_static/sites/www.f5.com/company/news/features.html", failed with error code 404 (not found)
22-1-31, 3:24:16 PM - ERROR: Download of "https://www.f5.com/content/f5-com/en_us", referred from "/Users/mordasiewicz/GIT/f5-agility-labs-template/docs/_static/sites/www.f5.com/company/events/webinars.html", failed with error code 404 (not found)
22-1-31, 3:24:16 PM - ERROR: Download of "https://www.f5.com/content/f5-com/en_us", referred from "/Users/mordasiewicz/GIT/f5-agility-labs-template/docs/_static/sites/www.f5.com/partners/find-a-partner.html", failed with error code 404 (not found)
22-1-31, 3:24:16 PM - ERROR: Download of "https://www.f5.com/content/f5-com/en_us", referred from "/Users/mordasiewicz/GIT/f5-agility-labs-template/docs/_static/sites/www.f5.com/index.html", failed with error code 404 (not found)
22-1-31, 3:24:16 PM - ERROR: Download of "https://www.f5.com/content/f5-com/en_us", referred from "/Users/mordasiewicz/GIT/f5-agility-labs-template/docs/_static/sites/www.f5.com/company/contact/regional-offices.html", failed with error code 404 (not found)
22-1-31, 3:24:16 PM - ERROR: Download of "https://www.f5.com/content/f5-com/en_us", referred from "/Users/mordasiewicz/GIT/f5-agility-labs-template/docs/_static/sites/www.f5.com/company/news/press-kit.html", failed with error code 404 (not found)
22-1-31, 3:24:16 PM - ERROR: Download of "https://www.f5.com/content/f5-com/en_us", referred from "/Users/mordasiewicz/GIT/f5-agility-labs-template/docs/_static/sites/www.f5.com/solutions/service-providers.html", failed with error code 404 (not found)
22-1-31, 3:24:16 PM - ERROR: Download of "https://www.f5.com/content/f5-com/en_us", referred from "/Users/mordasiewicz/GIT/f5-agility-labs-template/docs/_static/sites/www.f5.com/solutions/stop-online-fraud.html", failed with error code 404 (not found)
22-1-31, 3:24:16 PM - ERROR: Download of "https://www.f5.com/content/f5-com/en_us", referred from "/Users/mordasiewicz/GIT/f5-agility-labs-template/docs/_static/sites/www.f5.com/solutions/troubleshooting-and-visualization.html", failed with error code 404 (not found)
22-1-31, 3:24:16 PM - ERROR: Download of "https://www.f5.com/content/f5-com/en_us", referred from "/Users/mordasiewicz/GIT/f5-agility-labs-template/docs/_static/sites/www.f5.com/company/careers.html", failed with error code 404 (not found)
22-1-31, 3:24:16 PM - ERROR: Download of "https://www.f5.com/content/f5-com/en_us", referred from "/Users/mordasiewicz/GIT/f5-agility-labs-template/docs/_static/sites/www.f5.com/solutions/application-security.html", failed with error code 404 (not found)
22-1-31, 3:24:16 PM - ERROR: Download of "https://www.f5.com/content/f5-com/en_us", referred from "/Users/mordasiewicz/GIT/f5-agility-labs-template/docs/_static/sites/www.f5.com/company/customer-engagement-centers.html", failed with error code 404 (not found)
22-1-31, 3:24:16 PM - ERROR: Download of "https://www.f5.com/content/f5-com/en_us", referred from "/Users/mordasiewicz/GIT/f5-agility-labs-template/docs/_static/sites/www.f5.com/company/news/awards.html", failed with error code 404 (not found)
22-1-31, 3:24:16 PM - ERROR: Download of "https://www.f5.com/content/f5-com/en_us", referred from "/Users/mordasiewicz/GIT/f5-agility-labs-template/docs/_static/sites/www.f5.com/products/security/silverline/shape-defense.html", failed with error code 404 (not found)
22-1-31, 3:24:16 PM - ERROR: Download of "https://www.f5.com/content/f5-com/en_us", referred from "/Users/mordasiewicz/GIT/f5-agility-labs-template/docs/_static/sites/www.f5.com/services/resources/deployment-guides.html", failed with error code 404 (not found)
22-1-31, 3:24:16 PM - ERROR: Download of "https://www.f5.com/content/f5-com/en_us", referred from "/Users/mordasiewicz/GIT/f5-agility-labs-template/docs/_static/sites/www.f5.com/products/beacon-visibility-and-analytics.html", failed with error code 404 (not found)
22-1-31, 3:24:16 PM - ERROR: Download of "https://www.f5.com/content/f5-com/en_us", referred from "/Users/mordasiewicz/GIT/f5-agility-labs-template/docs/_static/sites/www.f5.com/company/contact.html", failed with error code 404 (not found)
22-1-31, 3:24:16 PM - ERROR: Download of "https://www.f5.com/content/f5-com/en_us", referred from "/Users/mordasiewicz/GIT/f5-agility-labs-template/docs/_static/sites/www.f5.com/products/security/silverline.html", failed with error code 404 (not found)
22-1-31, 3:24:16 PM - ERROR: Download of "https://www.f5.com/content/f5-com/en_us", referred from "/Users/mordasiewicz/GIT/f5-agility-labs-template/docs/_static/sites/www.f5.com/products/security/aggregator-management.html", failed with error code 404 (not found)
22-1-31, 3:24:16 PM - ERROR: Download of "https://www.f5.com/content/f5-com/en_us", referred from "/Users/mordasiewicz/GIT/f5-agility-labs-template/docs/_static/sites/www.f5.com/products/security/silverline/ddos-protection.html", failed with error code 404 (not found)
22-1-31, 3:24:16 PM - ERROR: Download of "https://www.f5.com/content/f5-com/en_us", referred from "/Users/mordasiewicz/GIT/f5-agility-labs-template/docs/_static/sites/www.f5.com/solutions/service-providers/5g.html", failed with error code 404 (not found)
22-1-31, 3:24:16 PM - ERROR: Download of "https://www.f5.com/content/f5-com/en_us", referred from "/Users/mordasiewicz/GIT/f5-agility-labs-template/docs/_static/sites/www.f5.com/solutions/application-performance.html", failed with error code 404 (not found)
22-1-31, 3:24:16 PM - ERROR: Download of "https://www.f5.com/content/f5-com/en_us", referred from "/Users/mordasiewicz/GIT/f5-agility-labs-template/docs/_static/sites/www.f5.com/products/big-ip-services/big-ip-dns.html", failed with error code 404 (not found)
22-1-31, 3:24:16 PM - ERROR: Download of "https://www.f5.com/content/f5-com/en_us", referred from "/Users/mordasiewicz/GIT/f5-agility-labs-template/docs/_static/sites/www.f5.com/products/security/silverline/web-application-firewall.html", failed with error code 404 (not found)
22-1-31, 3:24:16 PM - ERROR: Download of "https://www.f5.com/content/f5-com/en_us", referred from "/Users/mordasiewicz/GIT/f5-agility-labs-template/docs/_static/sites/www.f5.com/services/resources/visio-stencils.html", failed with error code 404 (not found)
22-1-31, 3:24:16 PM - ERROR: Download of "https://www.f5.com/content/f5-com/en_us", referred from "/Users/mordasiewicz/GIT/f5-agility-labs-template/docs/_static/sites/www.f5.com/solutions/application-security/bot-management.html", failed with error code 404 (not found)
22-1-31, 3:24:16 PM - ERROR: Download of "https://www.f5.com/content/f5-com/en_us", referred from "/Users/mordasiewicz/GIT/f5-agility-labs-template/docs/_static/sites/www.f5.com/products/security/advanced-waf.html", failed with error code 404 (not found)
22-1-31, 3:24:16 PM - ERROR: Download of "https://www.f5.com/content/f5-com/en_us", referred from "/Users/mordasiewicz/GIT/f5-agility-labs-template/docs/_static/sites/www.f5.com/products.html", failed with error code 404 (not found)
22-1-31, 3:24:16 PM - ERROR: Download of "https://www.f5.com/content/f5-com/en_us", referred from "/Users/mordasiewicz/GIT/f5-agility-labs-template/docs/_static/sites/www.f5.com/services/certification.html", failed with error code 404 (not found)
22-1-31, 3:24:16 PM - ERROR: Download of "https://www.f5.com/content/f5-com/en_us", referred from "/Users/mordasiewicz/GIT/f5-agility-labs-template/docs/_static/sites/www.f5.com/services/resources/solution-profiles.html", failed with error code 404 (not found)
22-1-31, 3:24:16 PM - ERROR: Download of "https://www.f5.com/content/f5-com/en_us", referred from "/Users/mordasiewicz/GIT/f5-agility-labs-template/docs/_static/sites/www.f5.com/company.html", failed with error code 404 (not found)
22-1-31, 3:24:16 PM - ERROR: Download of "https://www.f5.com/content/f5-com/en_us", referred from "/Users/mordasiewicz/GIT/f5-agility-labs-template/docs/_static/sites/www.f5.com/products/cloud-editions/big-ip-cloud-edition.html", failed with error code 404 (not found)
22-1-31, 3:24:16 PM - ERROR: Download of "https://www.f5.com/content/f5-com/en_us", referred from "/Users/mordasiewicz/GIT/f5-agility-labs-template/docs/_static/sites/www.f5.com/products/global-server-load-balancing-gslb.html", failed with error code 404 (not found)
22-1-31, 3:24:16 PM - ERROR: Download of "https://www.f5.com/content/f5-com/en_us", referred from "/Users/mordasiewicz/GIT/f5-agility-labs-template/docs/_static/sites/www.f5.com/products/client-side-defense.html", failed with error code 404 (not found)
22-1-31, 3:24:16 PM - ERROR: Download of "https://www.f5.com/content/f5-com/en_us", referred from "/Users/mordasiewicz/GIT/f5-agility-labs-template/docs/_static/sites/www.f5.com/partners.html", failed with error code 404 (not found)
22-1-31, 3:24:16 PM - ERROR: Download of "https://www.f5.com/content/f5-com/en_us", referred from "/Users/mordasiewicz/GIT/f5-agility-labs-template/docs/_static/sites/www.f5.com/products/big-ip-services/carrier-grade-nat.html", failed with error code 404 (not found)
22-1-31, 3:24:16 PM - ERROR: Download of "https://www.f5.com/content/f5-com/en_us", referred from "/Users/mordasiewicz/GIT/f5-agility-labs-template/docs/_static/sites/www.f5.com/solutions/access-and-authorization.html", failed with error code 404 (not found)
22-1-31, 3:24:16 PM - ERROR: Download of "https://www.f5.com/content/f5-com/en_us", referred from "/Users/mordasiewicz/GIT/f5-agility-labs-template/docs/_static/sites/www.f5.com/customer-stories.html", failed with error code 404 (not found)
22-1-31, 3:24:16 PM - ERROR: Download of "https://www.f5.com/content/f5-com/en_us", referred from "/Users/mordasiewicz/GIT/f5-agility-labs-template/docs/_static/sites/www.f5.com/solutions/infrastructure-and-application-availability.html", failed with error code 404 (not found)
22-1-31, 3:24:16 PM - ERROR: Download of "https://www.f5.com/content/f5-com/en_us", referred from "/Users/mordasiewicz/GIT/f5-agility-labs-template/docs/_static/sites/www.f5.com/products/get-f5/perpetual-licensing-gbb.html", failed with error code 404 (not found)
22-1-31, 3:24:16 PM - ERROR: Download of "https://www.f5.com/content/f5-com/en_us", referred from "/Users/mordasiewicz/GIT/f5-agility-labs-template/docs/_static/sites/www.f5.com/services/resources/datasheets.html", failed with error code 404 (not found)
22-1-31, 3:24:16 PM - ERROR: Download of "https://www.f5.com/content/f5-com/en_us", referred from "/Users/mordasiewicz/GIT/f5-agility-labs-template/docs/_static/sites/www.f5.com/products/security/access-policy-manager.html", failed with error code 404 (not found)
22-1-31, 3:24:16 PM - ERROR: Download of "https://www.f5.com/content/f5-com/en_us", referred from "/Users/mordasiewicz/GIT/f5-agility-labs-template/docs/_static/sites/www.f5.com/services/resources.html", failed with error code 404 (not found)
22-1-31, 3:24:16 PM - ERROR: Download of "https://www.f5.com/content/f5-com/en_us", referred from "/Users/mordasiewicz/GIT/f5-agility-labs-template/docs/_static/sites/www.f5.com/company/news.html", failed with error code 404 (not found)
22-1-31, 3:24:16 PM - ERROR: Download of "https://www.f5.com/content/f5-com/en_us", referred from "/Users/mordasiewicz/GIT/f5-agility-labs-template/docs/_static/sites/www.f5.com/products/big-ip-services/iseries-appliance.html", failed with error code 404 (not found)
22-1-31, 3:24:16 PM - ERROR: Download of "https://www.f5.com/content/f5-com/en_us", referred from "/Users/mordasiewicz/GIT/f5-agility-labs-template/docs/_static/sites/www.f5.com/products/security/shape-security/f5-device-idplus.html", failed with error code 404 (not found)
22-1-31, 3:24:16 PM - ERROR: Download of "https://www.f5.com/content/f5-com/en_us", referred from "/Users/mordasiewicz/GIT/f5-agility-labs-template/docs/_static/sites/www.f5.com/services/resources/white-papers.html", failed with error code 404 (not found)
22-1-31, 3:24:16 PM - ERROR: Download of "https://www.f5.com/content/f5-com/en_us", referred from "/Users/mordasiewicz/GIT/f5-agility-labs-template/docs/_static/sites/www.f5.com/products/big-ip-services/virtual-editions.html", failed with error code 404 (not found)
22-1-31, 3:24:16 PM - ERROR: Download of "https://www.f5.com/content/f5-com/en_us", referred from "/Users/mordasiewicz/GIT/f5-agility-labs-template/docs/_static/sites/www.f5.com/services/training.html", failed with error code 404 (not found)
22-1-31, 3:24:16 PM - ERROR: Download of "https://www.f5.com/content/f5-com/en_us", referred from "/Users/mordasiewicz/GIT/f5-agility-labs-template/docs/_static/sites/www.f5.com/services/resources/reports.html", failed with error code 404 (not found)
22-1-31, 3:24:16 PM - ERROR: Download of "https://www.f5.com/content/f5-com/en_us", referred from "/Users/mordasiewicz/GIT/f5-agility-labs-template/docs/_static/sites/www.f5.com/services/resources/recommended-practices-guides.html", failed with error code 404 (not found)
22-1-31, 3:24:16 PM - ERROR: Download of "https://www.f5.com/content/f5-com/en_us", referred from "/Users/mordasiewicz/GIT/f5-agility-labs-template/docs/_static/sites/www.f5.com/products/security/account-protection.html", failed with error code 404 (not found)
22-1-31, 3:24:16 PM - ERROR: Download of "https://www.f5.com/content/f5-com/en_us", referred from "/Users/mordasiewicz/GIT/f5-agility-labs-template/docs/_static/sites/www.f5.com/trials.html", failed with error code 404 (not found)
22-1-31, 3:24:16 PM - ERROR: Download of "https://www.f5.com/content/f5-com/en_us", referred from "/Users/mordasiewicz/GIT/f5-agility-labs-template/docs/_static/sites/www.f5.com/products/security/authentication-intelligence.html", failed with error code 404 (not found)
22-1-31, 3:24:16 PM - ERROR: Download of "https://www.f5.com/content/f5-com/en_us", referred from "/Users/mordasiewicz/GIT/f5-agility-labs-template/docs/_static/sites/www.f5.com/products/automation-and-orchestration/big-iq.html", failed with error code 404 (not found)
22-1-31, 3:24:16 PM - ERROR: Download of "https://www.f5.com/content/f5-com/en_us", referred from "/Users/mordasiewicz/GIT/f5-agility-labs-template/docs/_static/sites/www.f5.com/solutions/banking-and-financial-services.html", failed with error code 404 (not found)
22-1-31, 3:24:16 PM - ERROR: Download of "https://www.f5.com/content/f5-com/en_us", referred from "/Users/mordasiewicz/GIT/f5-agility-labs-template/docs/_static/sites/www.f5.com/products/get-f5﹖ls=meta.html", failed with error code 404 (not found)
22-1-31, 3:24:16 PM - ERROR: Download of "https://www.f5.com/content/f5-com/en_us", referred from "/Users/mordasiewicz/GIT/f5-agility-labs-template/docs/_static/sites/www.f5.com/products/big-ip-services/policy-enforcement-manager.html", failed with error code 404 (not found)
22-1-31, 3:24:16 PM - ERROR: Download of "https://www.f5.com/content/f5-com/en_us", referred from "/Users/mordasiewicz/GIT/f5-agility-labs-template/docs/_static/sites/www.f5.com/products/security/advanced-firewall-manager.html", failed with error code 404 (not found)
22-1-31, 3:24:16 PM - ERROR: Download of "https://www.f5.com/content/f5-com/en_us", referred from "/Users/mordasiewicz/GIT/f5-agility-labs-template/docs/_static/sites/www.f5.com/solutions/multi-cloud-policy-management.html", failed with error code 404 (not found)
22-1-31, 3:24:16 PM - ERROR: Download of "https://www.f5.com/content/f5-com/en_us", referred from "/Users/mordasiewicz/GIT/f5-agility-labs-template/docs/_static/sites/www.f5.com/company/news/press-releases.html", failed with error code 404 (not found)
22-1-31, 3:24:16 PM - ERROR: Download of "https://www.f5.com/content/f5-com/en_us", referred from "/Users/mordasiewicz/GIT/f5-agility-labs-template/docs/_static/sites/www.f5.com/partners/technology-alliances/microsoft-azure.html", failed with error code 404 (not found)
22-1-31, 3:24:16 PM - ERROR: Download of "https://www.f5.com/content/f5-com/en_us", referred from "/Users/mordasiewicz/GIT/f5-agility-labs-template/docs/_static/sites/www.f5.com/products/big-ip-services/local-traffic-manager.html", failed with error code 404 (not found)
22-1-31, 3:24:16 PM - ERROR: Download of "https://www.f5.com/content/f5-com/en_us", referred from "/Users/mordasiewicz/GIT/f5-agility-labs-template/docs/_static/sites/www.f5.com/services/professional-services.html", failed with error code 404 (not found)
22-1-31, 3:24:16 PM - ERROR: Download of "https://www.f5.com/content/f5-com/en_us", referred from "/Users/mordasiewicz/GIT/f5-agility-labs-template/docs/_static/sites/www.f5.com/services/professional-services/request-f5-professional-services.html", failed with error code 404 (not found)
22-1-31, 3:24:16 PM - ERROR: Download of "https://www.f5.com/content/f5-com/en_us", referred from "/Users/mordasiewicz/GIT/f5-agility-labs-template/docs/_static/sites/www.f5.com/company/global-good.html", failed with error code 404 (not found)
22-1-31, 3:24:16 PM - ERROR: Download of "https://www.f5.com/content/f5-com/en_us", referred from "/Users/mordasiewicz/GIT/f5-agility-labs-template/docs/_static/sites/www.f5.com/products/big-ip-services.html", failed with error code 404 (not found)
22-1-31, 3:24:16 PM - ERROR: Download of "https://www.f5.com/content/f5-com/en_us", referred from "/Users/mordasiewicz/GIT/f5-agility-labs-template/docs/_static/sites/www.f5.com/company/certifications.html", failed with error code 404 (not found)
22-1-31, 3:24:16 PM - ERROR: Download of "https://www.f5.com/content/f5-com/en_us", referred from "/Users/mordasiewicz/GIT/f5-agility-labs-template/docs/_static/sites/www.f5.com/solutions/cloud.html", failed with error code 404 (not found)
22-1-31, 3:24:16 PM - ERROR: Download of "https://www.f5.com/content/f5-com/en_us", referred from "/Users/mordasiewicz/GIT/f5-agility-labs-template/docs/_static/sites/www.f5.com/products/security/ddos-hybrid-defender.html", failed with error code 404 (not found)
22-1-31, 3:24:16 PM - ERROR: Download of "https://www.f5.com/content/f5-com/en_us", referred from "/Users/mordasiewicz/GIT/f5-agility-labs-template/docs/_static/sites/www.f5.com/company/blog.html", failed with error code 404 (not found)
22-1-31, 3:24:16 PM - ERROR: Download of "https://www.f5.com/content/f5-com/en_us", referred from "/Users/mordasiewicz/GIT/f5-agility-labs-template/docs/_static/sites/www.f5.com/products/automation-and-orchestration/container-ingress-services.html", failed with error code 404 (not found)
22-1-31, 3:24:16 PM - ERROR: Download of "https://www.f5.com/content/f5-com/en_us", referred from "/Users/mordasiewicz/GIT/f5-agility-labs-template/docs/_static/sites/www.f5.com/products/get-f5/subscription.html", failed with error code 404 (not found)
22-1-31, 3:24:17 PM - ERROR: Download of "https://www.f5.com/content/f5-com/en_us", referred from "/Users/mordasiewicz/GIT/f5-agility-labs-template/docs/_static/sites/www.f5.com/business-continuity/service-providers-keep-the-world-connected.html", failed with error code 404 (not found)
22-1-31, 3:24:17 PM - ERROR: Download of "https://www.f5.com/content/f5-com/en_us", referred from "/Users/mordasiewicz/GIT/f5-agility-labs-template/docs/_static/sites/www.f5.com/solutions/service-providers/edge-compute.html", failed with error code 404 (not found)
22-1-31, 3:24:18 PM - ERROR: Download of "https://www.f5.com/content/f5-com/en_us", referred from "/Users/mordasiewicz/GIT/f5-agility-labs-template/docs/_static/sites/www.f5.com/solutions/service-providers/data-traffic-management.html", failed with error code 404 (not found)
22-1-31, 3:24:18 PM - ERROR: Download of "https://www.f5.com/content/f5-com/en_us", referred from "/Users/mordasiewicz/GIT/f5-agility-labs-template/docs/_static/sites/www.f5.com/solutions/service-providers/security.html", failed with error code 404 (not found)
22-1-31, 3:24:18 PM - ERROR: Download of "https://www.f5.com/content/f5-com/en_us", referred from "/Users/mordasiewicz/GIT/f5-agility-labs-template/docs/_static/sites/www.f5.com/solutions/automation-and-orchestration.html", failed with error code 404 (not found)
22-1-31, 3:24:18 PM - ERROR: Download of "https://www.f5.com/content/f5-com/en_us", referred from "/Users/mordasiewicz/GIT/f5-agility-labs-template/docs/_static/sites/www.f5.com/solutions/service-providers/network-functions-virtualization-nfv.html", failed with error code 404 (not found)
22-1-31, 3:24:19 PM - ERROR: Download of "https://www.f5.com/content/f5-com/en_us", referred from "/Users/mordasiewicz/GIT/f5-agility-labs-template/docs/_static/sites/www.f5.com/solutions/service-providers/sgi-lan-consolidation.html", failed with error code 404 (not found)
22-1-31, 3:24:19 PM - ERROR: Download of "https://www.f5.com/content/f5-com/en_us", referred from "/Users/mordasiewicz/GIT/f5-agility-labs-template/docs/_static/sites/www.f5.com/company/blog/kickstart-your-move-to-5g-services-without-abandoning-4g-investments.html", failed with error code 404 (not found)
22-1-31, 3:24:19 PM - ERROR: Download of "https://www.f5.com/content/f5-com/en_us", referred from "/Users/mordasiewicz/GIT/f5-agility-labs-template/docs/_static/sites/www.f5.com/company/blog/state-of-application-services-telecom-edition-emerging-as-leaders.html", failed with error code 404 (not found)
22-1-31, 3:24:19 PM - ERROR: Download of "https://www.f5.com/content/f5-com/en_us", referred from "/Users/mordasiewicz/GIT/f5-agility-labs-template/docs/_static/sites/www.f5.com/services/resources/use-cases/leading-service-provider-delivers-outstanding-5g-network-performance1.html", failed with error code 404 (not found)
22-1-31, 3:24:19 PM - ERROR: Download of "https://www.f5.com/content/f5-com/en_us", referred from "/Users/mordasiewicz/GIT/f5-agility-labs-template/docs/_static/sites/www.f5.com/services/resources/use-cases/innovative-architectures-help-service-providers-scale-for-5g.html", failed with error code 404 (not found)
22-1-31, 3:24:20 PM - ERROR: Download of "https://www.f5.com/content/f5-com/en_us", referred from "/Users/mordasiewicz/GIT/f5-agility-labs-template/docs/_static/sites/www.f5.com/solutions/adaptive-applications.html", failed with error code 404 (not found)
22-1-31, 3:24:20 PM - ERROR: Download of "https://www.f5.com/content/f5-com/en_us", referred from "/Users/mordasiewicz/GIT/f5-agility-labs-template/docs/_static/sites/www.f5.com/company/policies/trademarks.html", failed with error code 404 (not found)
22-1-31, 3:24:20 PM - ERROR: Download of "https://www.f5.com/content/f5-com/en_us", referred from "/Users/mordasiewicz/GIT/f5-agility-labs-template/docs/_static/sites/www.f5.com/company/policies.html", failed with error code 404 (not found)
22-1-31, 3:24:20 PM - ERROR: Download of "https://www.f5.com/content/f5-com/en_us", referred from "/Users/mordasiewicz/GIT/f5-agility-labs-template/docs/_static/sites/www.f5.com/services/training/free-training-courses/getting-started-start-here.html", failed with error code 404 (not found)
22-1-31, 3:24:21 PM - ERROR: Download of "https://www.f5.com/content/f5-com/en_us", referred from "/Users/mordasiewicz/GIT/f5-agility-labs-template/docs/_static/sites/www.f5.com/company/policies/privacy-notice.html", failed with error code 404 (not found)
22-1-31, 3:24:21 PM - ERROR: Download of "https://www.f5.com/content/f5-com/en_us", referred from "/Users/mordasiewicz/GIT/f5-agility-labs-template/docs/_static/sites/www.f5.com/company/policies/F5-California-privacy-summary.html", failed with error code 404 (not found)

---------------------

22-1-31, 7:58:05 PM - ERROR: Download of "https://www.f5.com/content/f5-com/en_us", referred from "/Users/mordasiewicz/GIT/f5-agility-labs-template/docs/_static/sites/www.f5.com/products/get-f5.html", failed with error code 404 (not found)
22-1-31, 7:58:05 PM - ERROR: Download of "https://www.f5.com/content/f5-com/en_us", referred from "/Users/mordasiewicz/GIT/f5-agility-labs-template/docs/_static/sites/www.f5.com/products/security/shape-security.html", failed with error code 404 (not found)
22-1-31, 7:58:05 PM - ERROR: Download of "https://www.f5.com/content/f5-com/en_us", referred from "/Users/mordasiewicz/GIT/f5-agility-labs-template/docs/_static/sites/www.f5.com/services/support.html", failed with error code 404 (not found)
22-1-31, 7:58:05 PM - ERROR: Download of "https://www.f5.com/content/f5-com/en_us", referred from "/Users/mordasiewicz/GIT/f5-agility-labs-template/docs/_static/sites/www.f5.com/company/diversity-inclusion.html", failed with error code 404 (not found)
22-1-31, 7:58:05 PM - ERROR: Download of "https://www.f5.com/content/f5-com/en_us", referred from "/Users/mordasiewicz/GIT/f5-agility-labs-template/docs/_static/sites/www.f5.com/community.html", failed with error code 404 (not found)
22-1-31, 7:58:05 PM - ERROR: Download of "https://www.f5.com/content/f5-com/en_us", referred from "/Users/mordasiewicz/GIT/f5-agility-labs-template/docs/_static/sites/www.f5.com/services/training/free-training-courses.html", failed with error code 404 (not found)
22-1-31, 7:58:05 PM - ERROR: Download of "https://www.f5.com/content/f5-com/en_us", referred from "/Users/mordasiewicz/GIT/f5-agility-labs-template/docs/_static/sites/www.f5.com/solutions/devops-deployment.html", failed with error code 404 (not found)
22-1-31, 7:58:05 PM - ERROR: Download of "https://www.f5.com/content/f5-com/en_us", referred from "/Users/mordasiewicz/GIT/f5-agility-labs-template/docs/_static/sites/www.f5.com/partners/technology-alliances/google-cloud-platform.html", failed with error code 404 (not found)
22-1-31, 7:58:05 PM - ERROR: Download of "https://www.f5.com/content/f5-com/en_us", referred from "/Users/mordasiewicz/GIT/f5-agility-labs-template/docs/_static/sites/www.f5.com/products/big-ip-services/viprion-chassis.html", failed with error code 404 (not found)
22-1-31, 7:58:05 PM - ERROR: Download of "https://www.f5.com/content/f5-com/en_us", referred from "/Users/mordasiewicz/GIT/f5-agility-labs-template/docs/_static/sites/www.f5.com/partners/technology-alliances/amazon-web-services.html", failed with error code 404 (not found)
22-1-31, 7:58:05 PM - ERROR: Download of "https://www.f5.com/content/f5-com/en_us", referred from "/Users/mordasiewicz/GIT/f5-agility-labs-template/docs/_static/sites/www.f5.com/products/security/ssl-orchestrator.html", failed with error code 404 (not found)
22-1-31, 7:58:05 PM - ERROR: Download of "https://www.f5.com/content/f5-com/en_us", referred from "/Users/mordasiewicz/GIT/f5-agility-labs-template/docs/_static/sites/www.f5.com/services/resources/infographics.html", failed with error code 404 (not found)
22-1-31, 7:58:05 PM - ERROR: Download of "https://www.f5.com/content/f5-com/en_us", referred from "/Users/mordasiewicz/GIT/f5-agility-labs-template/docs/_static/sites/www.f5.com/products/service-proxy-for-kubernetes.html", failed with error code 404 (not found)
22-1-31, 7:58:05 PM - ERROR: Download of "https://www.f5.com/content/f5-com/en_us", referred from "/Users/mordasiewicz/GIT/f5-agility-labs-template/docs/_static/sites/www.f5.com/partners/technology-alliances.html", failed with error code 404 (not found)
22-1-31, 7:58:05 PM - ERROR: Download of "https://www.f5.com/content/f5-com/en_us", referred from "/Users/mordasiewicz/GIT/f5-agility-labs-template/docs/_static/sites/www.f5.com/services/resources/reference-architectures.html", failed with error code 404 (not found)
22-1-31, 7:58:05 PM - ERROR: Download of "https://www.f5.com/content/f5-com/en_us", referred from "/Users/mordasiewicz/GIT/f5-agility-labs-template/docs/_static/sites/www.f5.com/company/leadership.html", failed with error code 404 (not found)
22-1-31, 7:58:05 PM - ERROR: Download of "https://www.f5.com/content/f5-com/en_us", referred from "/Users/mordasiewicz/GIT/f5-agility-labs-template/docs/_static/sites/www.f5.com/solutions/public-sector.html", failed with error code 404 (not found)
22-1-31, 7:58:05 PM - ERROR: Download of "https://www.f5.com/content/f5-com/en_us", referred from "/Users/mordasiewicz/GIT/f5-agility-labs-template/docs/_static/sites/www.f5.com/products/get-f5/enterprise-license-agreements.html", failed with error code 404 (not found)
22-1-31, 7:58:05 PM - ERROR: Download of "https://www.f5.com/content/f5-com/en_us", referred from "/Users/mordasiewicz/GIT/f5-agility-labs-template/docs/_static/sites/www.f5.com/services/resources/glossary.html", failed with error code 404 (not found)
22-1-31, 7:58:05 PM - ERROR: Download of "https://www.f5.com/content/f5-com/en_us", referred from "/Users/mordasiewicz/GIT/f5-agility-labs-template/docs/_static/sites/www.f5.com/solutions.html", failed with error code 404 (not found)
22-1-31, 7:58:05 PM - ERROR: Download of "https://www.f5.com/content/f5-com/en_us", referred from "/Users/mordasiewicz/GIT/f5-agility-labs-template/docs/_static/sites/www.f5.com/company/events.html", failed with error code 404 (not found)
22-1-31, 7:58:05 PM - ERROR: Download of "https://www.f5.com/content/f5-com/en_us", referred from "/Users/mordasiewicz/GIT/f5-agility-labs-template/docs/_static/sites/www.f5.com/company/news/features.html", failed with error code 404 (not found)
22-1-31, 7:58:05 PM - ERROR: Download of "https://www.f5.com/content/f5-com/en_us", referred from "/Users/mordasiewicz/GIT/f5-agility-labs-template/docs/_static/sites/www.f5.com/company/events/webinars.html", failed with error code 404 (not found)
22-1-31, 7:58:05 PM - ERROR: Download of "https://www.f5.com/content/f5-com/en_us", referred from "/Users/mordasiewicz/GIT/f5-agility-labs-template/docs/_static/sites/www.f5.com/partners/find-a-partner.html", failed with error code 404 (not found)
22-1-31, 7:58:05 PM - ERROR: Download of "https://www.f5.com/content/f5-com/en_us", referred from "/Users/mordasiewicz/GIT/f5-agility-labs-template/docs/_static/sites/www.f5.com/index.html", failed with error code 404 (not found)
22-1-31, 7:58:05 PM - ERROR: Download of "https://www.f5.com/content/f5-com/en_us", referred from "/Users/mordasiewicz/GIT/f5-agility-labs-template/docs/_static/sites/www.f5.com/company/contact/regional-offices.html", failed with error code 404 (not found)
22-1-31, 7:58:05 PM - ERROR: Download of "https://www.f5.com/content/f5-com/en_us", referred from "/Users/mordasiewicz/GIT/f5-agility-labs-template/docs/_static/sites/www.f5.com/company/news/press-kit.html", failed with error code 404 (not found)
22-1-31, 7:58:05 PM - ERROR: Download of "https://www.f5.com/content/f5-com/en_us", referred from "/Users/mordasiewicz/GIT/f5-agility-labs-template/docs/_static/sites/www.f5.com/solutions/service-providers.html", failed with error code 404 (not found)
22-1-31, 7:58:05 PM - ERROR: Download of "https://www.f5.com/content/f5-com/en_us", referred from "/Users/mordasiewicz/GIT/f5-agility-labs-template/docs/_static/sites/www.f5.com/solutions/stop-online-fraud.html", failed with error code 404 (not found)
22-1-31, 7:58:05 PM - ERROR: Download of "https://www.f5.com/content/f5-com/en_us", referred from "/Users/mordasiewicz/GIT/f5-agility-labs-template/docs/_static/sites/www.f5.com/solutions/troubleshooting-and-visualization.html", failed with error code 404 (not found)
22-1-31, 7:58:05 PM - ERROR: Download of "https://www.f5.com/content/f5-com/en_us", referred from "/Users/mordasiewicz/GIT/f5-agility-labs-template/docs/_static/sites/www.f5.com/company/careers.html", failed with error code 404 (not found)
22-1-31, 7:58:05 PM - ERROR: Download of "https://www.f5.com/content/f5-com/en_us", referred from "/Users/mordasiewicz/GIT/f5-agility-labs-template/docs/_static/sites/www.f5.com/solutions/application-security.html", failed with error code 404 (not found)
22-1-31, 7:58:05 PM - ERROR: Download of "https://www.f5.com/content/f5-com/en_us", referred from "/Users/mordasiewicz/GIT/f5-agility-labs-template/docs/_static/sites/www.f5.com/company/customer-engagement-centers.html", failed with error code 404 (not found)
22-1-31, 7:58:05 PM - ERROR: Download of "https://www.f5.com/content/f5-com/en_us", referred from "/Users/mordasiewicz/GIT/f5-agility-labs-template/docs/_static/sites/www.f5.com/company/news/awards.html", failed with error code 404 (not found)
22-1-31, 7:58:05 PM - ERROR: Download of "https://www.f5.com/content/f5-com/en_us", referred from "/Users/mordasiewicz/GIT/f5-agility-labs-template/docs/_static/sites/www.f5.com/products/security/silverline/shape-defense.html", failed with error code 404 (not found)
22-1-31, 7:58:05 PM - ERROR: Download of "https://www.f5.com/content/f5-com/en_us", referred from "/Users/mordasiewicz/GIT/f5-agility-labs-template/docs/_static/sites/www.f5.com/services/resources/deployment-guides.html", failed with error code 404 (not found)
22-1-31, 7:58:05 PM - ERROR: Download of "https://www.f5.com/content/f5-com/en_us", referred from "/Users/mordasiewicz/GIT/f5-agility-labs-template/docs/_static/sites/www.f5.com/products/beacon-visibility-and-analytics.html", failed with error code 404 (not found)
22-1-31, 7:58:05 PM - ERROR: Download of "https://www.f5.com/content/f5-com/en_us", referred from "/Users/mordasiewicz/GIT/f5-agility-labs-template/docs/_static/sites/www.f5.com/company/contact.html", failed with error code 404 (not found)
22-1-31, 7:58:05 PM - ERROR: Download of "https://www.f5.com/content/f5-com/en_us", referred from "/Users/mordasiewicz/GIT/f5-agility-labs-template/docs/_static/sites/www.f5.com/products/security/silverline.html", failed with error code 404 (not found)
22-1-31, 7:58:05 PM - ERROR: Download of "https://www.f5.com/content/f5-com/en_us", referred from "/Users/mordasiewicz/GIT/f5-agility-labs-template/docs/_static/sites/www.f5.com/products/security/aggregator-management.html", failed with error code 404 (not found)
22-1-31, 7:58:05 PM - ERROR: Download of "https://www.f5.com/content/f5-com/en_us", referred from "/Users/mordasiewicz/GIT/f5-agility-labs-template/docs/_static/sites/www.f5.com/products/security/silverline/ddos-protection.html", failed with error code 404 (not found)
22-1-31, 7:58:05 PM - ERROR: Download of "https://www.f5.com/content/f5-com/en_us", referred from "/Users/mordasiewicz/GIT/f5-agility-labs-template/docs/_static/sites/www.f5.com/solutions/application-performance.html", failed with error code 404 (not found)
22-1-31, 7:58:05 PM - ERROR: Download of "https://www.f5.com/content/f5-com/en_us", referred from "/Users/mordasiewicz/GIT/f5-agility-labs-template/docs/_static/sites/www.f5.com/products/big-ip-services/big-ip-dns.html", failed with error code 404 (not found)
22-1-31, 7:58:05 PM - ERROR: Download of "https://www.f5.com/content/f5-com/en_us", referred from "/Users/mordasiewicz/GIT/f5-agility-labs-template/docs/_static/sites/www.f5.com/products/security/silverline/web-application-firewall.html", failed with error code 404 (not found)
22-1-31, 7:58:05 PM - ERROR: Download of "https://www.f5.com/content/f5-com/en_us", referred from "/Users/mordasiewicz/GIT/f5-agility-labs-template/docs/_static/sites/www.f5.com/services/resources/visio-stencils.html", failed with error code 404 (not found)
22-1-31, 7:58:05 PM - ERROR: Download of "https://www.f5.com/content/f5-com/en_us", referred from "/Users/mordasiewicz/GIT/f5-agility-labs-template/docs/_static/sites/www.f5.com/solutions/application-security/bot-management.html", failed with error code 404 (not found)
22-1-31, 7:58:05 PM - ERROR: Download of "https://www.f5.com/content/f5-com/en_us", referred from "/Users/mordasiewicz/GIT/f5-agility-labs-template/docs/_static/sites/www.f5.com/products/security/advanced-waf.html", failed with error code 404 (not found)
22-1-31, 7:58:05 PM - ERROR: Download of "https://www.f5.com/content/f5-com/en_us", referred from "/Users/mordasiewicz/GIT/f5-agility-labs-template/docs/_static/sites/www.f5.com/products.html", failed with error code 404 (not found)
22-1-31, 7:58:05 PM - ERROR: Download of "https://www.f5.com/content/f5-com/en_us", referred from "/Users/mordasiewicz/GIT/f5-agility-labs-template/docs/_static/sites/www.f5.com/services/certification.html", failed with error code 404 (not found)
22-1-31, 7:58:05 PM - ERROR: Download of "https://www.f5.com/content/f5-com/en_us", referred from "/Users/mordasiewicz/GIT/f5-agility-labs-template/docs/_static/sites/www.f5.com/services/resources/solution-profiles.html", failed with error code 404 (not found)
22-1-31, 7:58:05 PM - ERROR: Download of "https://www.f5.com/content/f5-com/en_us", referred from "/Users/mordasiewicz/GIT/f5-agility-labs-template/docs/_static/sites/www.f5.com/company.html", failed with error code 404 (not found)
22-1-31, 7:58:05 PM - ERROR: Download of "https://www.f5.com/content/f5-com/en_us", referred from "/Users/mordasiewicz/GIT/f5-agility-labs-template/docs/_static/sites/www.f5.com/products/cloud-editions/big-ip-cloud-edition.html", failed with error code 404 (not found)
22-1-31, 7:58:05 PM - ERROR: Download of "https://www.f5.com/content/f5-com/en_us", referred from "/Users/mordasiewicz/GIT/f5-agility-labs-template/docs/_static/sites/www.f5.com/products/global-server-load-balancing-gslb.html", failed with error code 404 (not found)
22-1-31, 7:58:05 PM - ERROR: Download of "https://www.f5.com/content/f5-com/en_us", referred from "/Users/mordasiewicz/GIT/f5-agility-labs-template/docs/_static/sites/www.f5.com/products/client-side-defense.html", failed with error code 404 (not found)
22-1-31, 7:58:05 PM - ERROR: Download of "https://www.f5.com/content/f5-com/en_us", referred from "/Users/mordasiewicz/GIT/f5-agility-labs-template/docs/_static/sites/www.f5.com/partners.html", failed with error code 404 (not found)
22-1-31, 7:58:05 PM - ERROR: Download of "https://www.f5.com/content/f5-com/en_us", referred from "/Users/mordasiewicz/GIT/f5-agility-labs-template/docs/_static/sites/www.f5.com/products/big-ip-services/carrier-grade-nat.html", failed with error code 404 (not found)
22-1-31, 7:58:05 PM - ERROR: Download of "https://www.f5.com/content/f5-com/en_us", referred from "/Users/mordasiewicz/GIT/f5-agility-labs-template/docs/_static/sites/www.f5.com/solutions/access-and-authorization.html", failed with error code 404 (not found)
22-1-31, 7:58:05 PM - ERROR: Download of "https://www.f5.com/content/f5-com/en_us", referred from "/Users/mordasiewicz/GIT/f5-agility-labs-template/docs/_static/sites/www.f5.com/customer-stories.html", failed with error code 404 (not found)
22-1-31, 7:58:05 PM - ERROR: Download of "https://www.f5.com/content/f5-com/en_us", referred from "/Users/mordasiewicz/GIT/f5-agility-labs-template/docs/_static/sites/www.f5.com/solutions/infrastructure-and-application-availability.html", failed with error code 404 (not found)
22-1-31, 7:58:05 PM - ERROR: Download of "https://www.f5.com/content/f5-com/en_us", referred from "/Users/mordasiewicz/GIT/f5-agility-labs-template/docs/_static/sites/www.f5.com/products/get-f5/perpetual-licensing-gbb.html", failed with error code 404 (not found)
22-1-31, 7:58:05 PM - ERROR: Download of "https://www.f5.com/content/f5-com/en_us", referred from "/Users/mordasiewicz/GIT/f5-agility-labs-template/docs/_static/sites/www.f5.com/services/resources/datasheets.html", failed with error code 404 (not found)
22-1-31, 7:58:05 PM - ERROR: Download of "https://www.f5.com/content/f5-com/en_us", referred from "/Users/mordasiewicz/GIT/f5-agility-labs-template/docs/_static/sites/www.f5.com/products/security/access-policy-manager.html", failed with error code 404 (not found)
22-1-31, 7:58:05 PM - ERROR: Download of "https://www.f5.com/content/f5-com/en_us", referred from "/Users/mordasiewicz/GIT/f5-agility-labs-template/docs/_static/sites/www.f5.com/solutions/service-providers/security.html", failed with error code 404 (not found)
22-1-31, 7:58:05 PM - ERROR: Download of "https://www.f5.com/content/f5-com/en_us", referred from "/Users/mordasiewicz/GIT/f5-agility-labs-template/docs/_static/sites/www.f5.com/services/resources.html", failed with error code 404 (not found)
22-1-31, 7:58:05 PM - ERROR: Download of "https://www.f5.com/content/f5-com/en_us", referred from "/Users/mordasiewicz/GIT/f5-agility-labs-template/docs/_static/sites/www.f5.com/company/news.html", failed with error code 404 (not found)
22-1-31, 7:58:05 PM - ERROR: Download of "https://www.f5.com/content/f5-com/en_us", referred from "/Users/mordasiewicz/GIT/f5-agility-labs-template/docs/_static/sites/www.f5.com/products/big-ip-services/iseries-appliance.html", failed with error code 404 (not found)
22-1-31, 7:58:05 PM - ERROR: Download of "https://www.f5.com/content/f5-com/en_us", referred from "/Users/mordasiewicz/GIT/f5-agility-labs-template/docs/_static/sites/www.f5.com/products/security/shape-security/f5-device-idplus.html", failed with error code 404 (not found)
22-1-31, 7:58:05 PM - ERROR: Download of "https://www.f5.com/content/f5-com/en_us", referred from "/Users/mordasiewicz/GIT/f5-agility-labs-template/docs/_static/sites/www.f5.com/services/resources/white-papers.html", failed with error code 404 (not found)
22-1-31, 7:58:05 PM - ERROR: Download of "https://www.f5.com/content/f5-com/en_us", referred from "/Users/mordasiewicz/GIT/f5-agility-labs-template/docs/_static/sites/www.f5.com/products/big-ip-services/virtual-editions.html", failed with error code 404 (not found)
22-1-31, 7:58:05 PM - ERROR: Download of "https://www.f5.com/content/f5-com/en_us", referred from "/Users/mordasiewicz/GIT/f5-agility-labs-template/docs/_static/sites/www.f5.com/services/training.html", failed with error code 404 (not found)
22-1-31, 7:58:05 PM - ERROR: Download of "https://www.f5.com/content/f5-com/en_us", referred from "/Users/mordasiewicz/GIT/f5-agility-labs-template/docs/_static/sites/www.f5.com/services/resources/reports.html", failed with error code 404 (not found)
22-1-31, 7:58:05 PM - ERROR: Download of "https://www.f5.com/content/f5-com/en_us", referred from "/Users/mordasiewicz/GIT/f5-agility-labs-template/docs/_static/sites/www.f5.com/services/resources/recommended-practices-guides.html", failed with error code 404 (not found)
22-1-31, 7:58:05 PM - ERROR: Download of "https://www.f5.com/content/f5-com/en_us", referred from "/Users/mordasiewicz/GIT/f5-agility-labs-template/docs/_static/sites/www.f5.com/products/security/account-protection.html", failed with error code 404 (not found)
22-1-31, 7:58:05 PM - ERROR: Download of "https://www.f5.com/content/f5-com/en_us", referred from "/Users/mordasiewicz/GIT/f5-agility-labs-template/docs/_static/sites/www.f5.com/trials.html", failed with error code 404 (not found)
22-1-31, 7:58:05 PM - ERROR: Download of "https://www.f5.com/content/f5-com/en_us", referred from "/Users/mordasiewicz/GIT/f5-agility-labs-template/docs/_static/sites/www.f5.com/products/security/authentication-intelligence.html", failed with error code 404 (not found)
22-1-31, 7:58:05 PM - ERROR: Download of "https://www.f5.com/content/f5-com/en_us", referred from "/Users/mordasiewicz/GIT/f5-agility-labs-template/docs/_static/sites/www.f5.com/products/automation-and-orchestration/big-iq.html", failed with error code 404 (not found)
22-1-31, 7:58:05 PM - ERROR: Download of "https://www.f5.com/content/f5-com/en_us", referred from "/Users/mordasiewicz/GIT/f5-agility-labs-template/docs/_static/sites/www.f5.com/solutions/banking-and-financial-services.html", failed with error code 404 (not found)
22-1-31, 7:58:05 PM - ERROR: Download of "https://www.f5.com/content/f5-com/en_us", referred from "/Users/mordasiewicz/GIT/f5-agility-labs-template/docs/_static/sites/www.f5.com/products/get-f5﹖ls=meta.html", failed with error code 404 (not found)
22-1-31, 7:58:05 PM - ERROR: Download of "https://www.f5.com/content/f5-com/en_us", referred from "/Users/mordasiewicz/GIT/f5-agility-labs-template/docs/_static/sites/www.f5.com/products/big-ip-services/policy-enforcement-manager.html", failed with error code 404 (not found)
22-1-31, 7:58:05 PM - ERROR: Download of "https://www.f5.com/content/f5-com/en_us", referred from "/Users/mordasiewicz/GIT/f5-agility-labs-template/docs/_static/sites/www.f5.com/products/security/advanced-firewall-manager.html", failed with error code 404 (not found)
22-1-31, 7:58:05 PM - ERROR: Download of "https://www.f5.com/content/f5-com/en_us", referred from "/Users/mordasiewicz/GIT/f5-agility-labs-template/docs/_static/sites/www.f5.com/solutions/multi-cloud-policy-management.html", failed with error code 404 (not found)
22-1-31, 7:58:05 PM - ERROR: Download of "https://www.f5.com/content/f5-com/en_us", referred from "/Users/mordasiewicz/GIT/f5-agility-labs-template/docs/_static/sites/www.f5.com/company/news/press-releases.html", failed with error code 404 (not found)
22-1-31, 7:58:05 PM - ERROR: Download of "https://www.f5.com/content/f5-com/en_us", referred from "/Users/mordasiewicz/GIT/f5-agility-labs-template/docs/_static/sites/www.f5.com/partners/technology-alliances/microsoft-azure.html", failed with error code 404 (not found)
22-1-31, 7:58:05 PM - ERROR: Download of "https://www.f5.com/content/f5-com/en_us", referred from "/Users/mordasiewicz/GIT/f5-agility-labs-template/docs/_static/sites/www.f5.com/products/big-ip-services/local-traffic-manager.html", failed with error code 404 (not found)
22-1-31, 7:58:05 PM - ERROR: Download of "https://www.f5.com/content/f5-com/en_us", referred from "/Users/mordasiewicz/GIT/f5-agility-labs-template/docs/_static/sites/www.f5.com/products/get-f5/subscription.html", failed with error code 404 (not found)
22-1-31, 7:58:05 PM - ERROR: Download of "https://www.f5.com/content/f5-com/en_us", referred from "/Users/mordasiewicz/GIT/f5-agility-labs-template/docs/_static/sites/www.f5.com/services/professional-services.html", failed with error code 404 (not found)
22-1-31, 7:58:05 PM - ERROR: Download of "https://www.f5.com/content/f5-com/en_us", referred from "/Users/mordasiewicz/GIT/f5-agility-labs-template/docs/_static/sites/www.f5.com/services/professional-services/request-f5-professional-services.html", failed with error code 404 (not found)
22-1-31, 7:58:05 PM - ERROR: Download of "https://www.f5.com/content/f5-com/en_us", referred from "/Users/mordasiewicz/GIT/f5-agility-labs-template/docs/_static/sites/www.f5.com/company/global-good.html", failed with error code 404 (not found)
22-1-31, 7:58:05 PM - ERROR: Download of "https://www.f5.com/content/f5-com/en_us", referred from "/Users/mordasiewicz/GIT/f5-agility-labs-template/docs/_static/sites/www.f5.com/products/big-ip-services.html", failed with error code 404 (not found)
22-1-31, 7:58:05 PM - ERROR: Download of "https://www.f5.com/content/f5-com/en_us", referred from "/Users/mordasiewicz/GIT/f5-agility-labs-template/docs/_static/sites/www.f5.com/company/certifications.html", failed with error code 404 (not found)
22-1-31, 7:58:05 PM - ERROR: Download of "https://www.f5.com/content/f5-com/en_us", referred from "/Users/mordasiewicz/GIT/f5-agility-labs-template/docs/_static/sites/www.f5.com/solutions/cloud.html", failed with error code 404 (not found)
22-1-31, 7:58:05 PM - ERROR: Download of "https://www.f5.com/content/f5-com/en_us", referred from "/Users/mordasiewicz/GIT/f5-agility-labs-template/docs/_static/sites/www.f5.com/products/security/ddos-hybrid-defender.html", failed with error code 404 (not found)
22-1-31, 7:58:05 PM - ERROR: Download of "https://www.f5.com/content/f5-com/en_us", referred from "/Users/mordasiewicz/GIT/f5-agility-labs-template/docs/_static/sites/www.f5.com/company/blog.html", failed with error code 404 (not found)
22-1-31, 7:58:05 PM - ERROR: Download of "https://www.f5.com/content/f5-com/en_us", referred from "/Users/mordasiewicz/GIT/f5-agility-labs-template/docs/_static/sites/www.f5.com/products/automation-and-orchestration/container-ingress-services.html", failed with error code 404 (not found)
22-1-31, 7:58:06 PM - ERROR: Download of "https://www.f5.com/content/f5-com/en_us", referred from "/Users/mordasiewicz/GIT/f5-agility-labs-template/docs/_static/sites/www.f5.com/services/resources/use-cases/datacenter-firewall-for-service-providers.html", failed with error code 404 (not found)
22-1-31, 7:58:06 PM - ERROR: Download of "https://www.f5.com/content/f5-com/en_us", referred from "/Users/mordasiewicz/GIT/f5-agility-labs-template/docs/_static/sites/www.f5.com/business-continuity/service-providers-keep-the-world-connected.html", failed with error code 404 (not found)
22-1-31, 7:58:06 PM - ERROR: Download of "https://www.f5.com/content/f5-com/en_us", referred from "/Users/mordasiewicz/GIT/f5-agility-labs-template/docs/_static/sites/www.f5.com/services/resources/white-papers/the-internet-of-things-security-and-business-impacts-on-service-providers.html", failed with error code 404 (not found)
22-1-31, 7:58:06 PM - ERROR: Download of "https://www.f5.com/content/f5-com/en_us", referred from "/Users/mordasiewicz/GIT/f5-agility-labs-template/docs/_static/sites/www.f5.com/company/blog/iot-infrastructure-empowered-by-f5s-iot-solution.html", failed with error code 404 (not found)
22-1-31, 7:58:06 PM - ERROR: Download of "https://www.f5.com/content/f5-com/en_us", referred from "/Users/mordasiewicz/GIT/f5-agility-labs-template/docs/_static/sites/www.f5.com/company/blog/how-iot-can-compromise-network-integrity.html", failed with error code 404 (not found)
22-1-31, 7:58:07 PM - ERROR: Download of "https://www.f5.com/content/f5-com/en_us", referred from "/Users/mordasiewicz/GIT/f5-agility-labs-template/docs/_static/sites/www.f5.com/solutions/service-providers/big-ip-afm-ips-solution-overview.html", failed with error code 404 (not found)
22-1-31, 7:58:07 PM - ERROR: Download of "https://www.f5.com/content/f5-com/en_us", referred from "/Users/mordasiewicz/GIT/f5-agility-labs-template/docs/_static/sites/www.f5.com/services/resources/use-cases/volte-and-ims-security-for-service-providers.html", failed with error code 404 (not found)
22-1-31, 7:58:07 PM - ERROR: Download of "https://www.f5.com/content/f5-com/en_us", referred from "/Users/mordasiewicz/GIT/f5-agility-labs-template/docs/_static/sites/www.f5.com/products/dns-delivery.html", failed with error code 404 (not found)
22-1-31, 7:58:07 PM - ERROR: Download of "https://www.f5.com/content/f5-com/en_us", referred from "/Users/mordasiewicz/GIT/f5-agility-labs-template/docs/_static/sites/www.f5.com/services/resources/use-cases/intelligent-dns-firewall-for-service-providers.html", failed with error code 404 (not found)
22-1-31, 7:58:08 PM - ERROR: Download of "https://www.f5.com/content/f5-com/en_us", referred from "/Users/mordasiewicz/GIT/f5-agility-labs-template/docs/_static/sites/www.f5.com/solutions/application-security/ddos-protection.html", failed with error code 404 (not found)
22-1-31, 7:58:08 PM - ERROR: Download of "https://www.f5.com/content/f5-com/en_us", referred from "/Users/mordasiewicz/GIT/f5-agility-labs-template/docs/_static/sites/www.f5.com/company/blog/dont-take-your-eye-off-gtp-en-route-to-5g.html", failed with error code 404 (not found)
22-1-31, 7:58:08 PM - ERROR: Download of "https://www.f5.com/content/f5-com/en_us", referred from "/Users/mordasiewicz/GIT/f5-agility-labs-template/docs/_static/sites/www.f5.com/services/resources/use-cases/s-gi-firewall-for-service-providers.html", failed with error code 404 (not found)
22-1-31, 7:58:09 PM - ERROR: Download of "https://www.f5.com/content/f5-com/en_us", referred from "/Users/mordasiewicz/GIT/f5-agility-labs-template/docs/_static/sites/www.f5.com/company/blog/unlocking-smart-core-network-slicing-for-iot-and-mvnos.html", failed with error code 404 (not found)
22-1-31, 7:58:09 PM - ERROR: Download of "https://www.f5.com/content/f5-com/en_us", referred from "/Users/mordasiewicz/GIT/f5-agility-labs-template/docs/_static/sites/www.f5.com/solutions/service-providers/sgi-lan-consolidation.html", failed with error code 404 (not found)
22-1-31, 7:58:10 PM - ERROR: Download of "https://www.f5.com/content/f5-com/en_us", referred from "/Users/mordasiewicz/GIT/f5-agility-labs-template/docs/_static/sites/www.f5.com/solutions/service-providers/signaling.html", failed with error code 404 (not found)
22-1-31, 7:58:10 PM - ERROR: Download of "https://www.f5.com/content/f5-com/en_us", referred from "/Users/mordasiewicz/GIT/f5-agility-labs-template/docs/_static/sites/www.f5.com/services/resources/white-papers/dynamic-service-delivery-with-intelligent-dns.html", failed with error code 404 (not found)
22-1-31, 7:58:10 PM - ERROR: Download of "https://www.f5.com/content/f5-com/en_us", referred from "/Users/mordasiewicz/GIT/f5-agility-labs-template/docs/_static/sites/www.f5.com/products/get-f5/find-a-reseller.html", failed with error code 404 (not found)
22-1-31, 7:58:11 PM - ERROR: Download of "https://www.f5.com/content/f5-com/en_us", referred from "/Users/mordasiewicz/GIT/f5-agility-labs-template/docs/_static/sites/www.f5.com/company/policies/privacy-notice.html", failed with error code 404 (not found)
22-1-31, 7:58:11 PM - ERROR: Download of "https://www.f5.com/content/f5-com/en_us", referred from "/Users/mordasiewicz/GIT/f5-agility-labs-template/docs/_static/sites/www.f5.com/services/training/free-training-courses/getting-started-start-here.html", failed with error code 404 (not found)
22-1-31, 7:58:11 PM - ERROR: Download of "https://www.f5.com/content/f5-com/en_us", referred from "/Users/mordasiewicz/GIT/f5-agility-labs-template/docs/_static/sites/www.f5.com/solutions/adaptive-applications.html", failed with error code 404 (not found)
22-1-31, 7:58:11 PM - ERROR: Download of "https://www.f5.com/content/f5-com/en_us", referred from "/Users/mordasiewicz/GIT/f5-agility-labs-template/docs/_static/sites/www.f5.com/company/policies/trademarks.html", failed with error code 404 (not found)
22-1-31, 7:58:11 PM - ERROR: Download of "https://www.f5.com/content/f5-com/en_us", referred from "/Users/mordasiewicz/GIT/f5-agility-labs-template/docs/_static/sites/www.f5.com/company/policies/F5-California-privacy-summary.html", failed with error code 404 (not found)
22-1-31, 7:58:11 PM - ERROR: Download of "https://www.f5.com/content/f5-com/en_us", referred from "/Users/mordasiewicz/GIT/f5-agility-labs-template/docs/_static/sites/www.f5.com/company/policies.html", failed with error code 404 (not found)

---------------------

22-1-31, 8:04:14 PM - ERROR: Download of "https://static.cloud.coveo.com", referred from "/Users/mordasiewicz/GIT/f5-agility-labs-template/docs/_static/sites/www.f5.com/solutions/service-providers/security.html", failed with error code 403 (forbidden)
22-1-31, 8:04:18 PM - ERROR: Download of "https://www.f5.com/content/f5-com/en_us", referred from "/Users/mordasiewicz/GIT/f5-agility-labs-template/docs/_static/sites/www.f5.com/solutions/service-providers/security.html", failed with error code 404 (not found)

---------------------

22-1-31, 8:43:10 PM - ERROR: Download of "http://www.f5.com/content/dam/f5-com/global-assets/images" failed with error code 404 (not found)

---------------------

22-1-31, 8:43:56 PM - ERROR: Download of "http://www.f5.com/content/dam/f5-com/global-assets/images/heros/" failed with error code 404 (not found)

---------------------

22-1-31, 9:06:59 PM - ERROR: Download of "https://static.cloud.coveo.com", referred from "/Users/mordasiewicz/GIT/f5-agility-labs-template/docs/_static/sites/www.f5.com/solutions/service-providers/5g.html", failed with error code 403 (forbidden)
22-1-31, 9:07:04 PM - ERROR: Download of "https://www.f5.com/content/f5-com/en_us", referred from "/Users/mordasiewicz/GIT/f5-agility-labs-template/docs/_static/sites/www.f5.com/solutions/service-providers/5g.html", failed with error code 404 (not found)
22-1-31, 9:07:05 PM - ERROR: Download of "https://devcentral.f5.com/cloud", referred from "/Users/mordasiewicz/GIT/f5-agility-labs-template/docs/_static/sites/www.f5.com/solutions/service-providers/5g.html", failed with error code 404 (not found)

---------------------

22-2-1, 8:51:37 AM - ERROR: Download of "https://tmt.knect365.com/big-5g-event/agenda/2/", referred from "/Users/mordasiewicz/GIT/f5-agility-labs-template/docs/_static/sites/tmt.knect365.com/big-5g-event/index.html", failed with error code 404 (not found)
22-2-1, 8:51:37 AM - ERROR: Download of "https://tmt.knect365.com/big-5g-event/speakers/", referred from "/Users/mordasiewicz/GIT/f5-agility-labs-template/docs/_static/sites/tmt.knect365.com/big-5g-event/index.html", failed with error code 404 (not found)
22-2-1, 8:51:37 AM - ERROR: Download of "https://automotive.knect365.com/", referred from "/Users/mordasiewicz/GIT/f5-agility-labs-template/docs/_static/sites/tmt.knect365.com/big-5g-event/index.html", failed with error code 301 (moved permanently)

---------------------
